app/build/outputs/logs/manifest-merger-debug-report.txt
-- Merging decision tree log ---
manifest
ADDED from src/main/AndroidManifest.xml:2:1-107:12
	package
		ADDED from src/main/AndroidManifest.xml:3:5-41
		INJECTED from src/main/AndroidManifest.xml
		INJECTED from src/main/AndroidManifest.xml
	xmlns:android
		ADDED from src/main/AndroidManifest.xml:2:11-69
uses-permission#android.permission.INTERNET
ADDED from src/main/AndroidManifest.xml:5:5-67
	android:name
		ADDED from src/main/AndroidManifest.xml:5:22-64
uses-permission#android.permission.VIBRATE
ADDED from src/main/AndroidManifest.xml:6:5-66
	android:name
		ADDED from src/main/AndroidManifest.xml:6:22-63
uses-permission#android.permission.CAMERA
ADDED from src/main/AndroidManifest.xml:7:5-65
	android:name
		ADDED from src/main/AndroidManifest.xml:7:22-62
uses-permission#android.permission.ACCESS_NETWORK_STATE
ADDED from src/main/AndroidManifest.xml:8:5-79
	android:name
		ADDED from src/main/AndroidManifest.xml:8:22-76
uses-feature#android.hardware.camera
ADDED from src/main/AndroidManifest.xml:10:5-60
	android:name
		ADDED from src/main/AndroidManifest.xml:10:19-57
uses-feature#android.hardware.camera.autofocus
ADDED from src/main/AndroidManifest.xml:11:5-70
	android:name
		ADDED from src/main/AndroidManifest.xml:11:19-67
uses-permission#android.permission.WRITE_EXTERNAL_STORAGE
ADDED from src/main/AndroidManifest.xml:13:5-81
	android:name
		ADDED from src/main/AndroidManifest.xml:13:22-78
uses-permission#android.permission.ACCESS_WIFI_STATE
ADDED from src/main/AndroidManifest.xml:14:5-76
	android:name
		ADDED from src/main/AndroidManifest.xml:14:22-73
uses-permission#android.permission.READ_PHONE_STATE
ADDED from src/main/AndroidManifest.xml:15:5-75
	android:name
		ADDED from src/main/AndroidManifest.xml:15:22-72
uses-permission#android.permission.GET_TASKS
ADDED from src/main/AndroidManifest.xml:16:5-68
	android:name
		ADDED from src/main/AndroidManifest.xml:16:22-65
application
ADDED from src/main/AndroidManifest.xml:18:5-105:19
MERGED from [com.android.support:appcompat-v7:23.2.1] AndroidManifest.xml:25:5-20
MERGED from [com.android.support:support-v4:23.2.1] AndroidManifest.xml:22:5-20
MERGED from [com.android.support:animated-vector-drawable:23.2.1] AndroidManifest.xml:7:5-20
MERGED from [com.android.support:support-vector-drawable:23.2.1] AndroidManifest.xml:7:5-20
MERGED from [com.android.support:support-v4:23.2.1] AndroidManifest.xml:22:5-20
MERGED from [com.android.support:support-vector-drawable:23.2.1] AndroidManifest.xml:7:5-20
MERGED from [com.android.support:support-v4:23.2.1] AndroidManifest.xml:22:5-20
MERGED from [com.android.support:support-v4:23.2.1] AndroidManifest.xml:22:5-20
	android:label
		ADDED from src/main/AndroidManifest.xml:22:9-41
	android:allowBackup
		ADDED from src/main/AndroidManifest.xml:20:9-35
	android:icon
		ADDED from src/main/AndroidManifest.xml:21:9-45
	android:theme
		ADDED from src/main/AndroidManifest.xml:23:9-68
	android:name
		ADDED from src/main/AndroidManifest.xml:19:9-67
activity#com.windylee.activity.MessageCenter
ADDED from src/main/AndroidManifest.xml:24:9-26:47
	android:label
		ADDED from src/main/AndroidManifest.xml:26:13-45
	android:name
		ADDED from src/main/AndroidManifest.xml:25:13-63
activity#com.windylee.activity.SettingCenter
ADDED from src/main/AndroidManifest.xml:27:9-29:47
	android:label
		ADDED from src/main/AndroidManifest.xml:29:13-45
	android:name
		ADDED from src/main/AndroidManifest.xml:28:13-63
activity#com.windylee.activity.LoginActivity
ADDED from src/main/AndroidManifest.xml:30:9-32:47
	android:label
		ADDED from src/main/AndroidManifest.xml:32:13-45
	android:name
		ADDED from src/main/AndroidManifest.xml:31:13-63
activity#com.windylee.activity.RegisterActivity
ADDED from src/main/AndroidManifest.xml:33:9-35:47
	android:label
		ADDED from src/main/AndroidManifest.xml:35:13-45
	android:name
		ADDED from src/main/AndroidManifest.xml:34:13-66
activity#com.windylee.activity.AddBookActivity
ADDED from src/main/AndroidManifest.xml:36:9-38:47
	android:label
		ADDED from src/main/AndroidManifest.xml:38:13-45
	android:name
		ADDED from src/main/AndroidManifest.xml:37:13-65
activity#com.windylee.activity.OtherDetailActivity
ADDED from src/main/AndroidManifest.xml:39:9-41:47
	android:label
		ADDED from src/main/AndroidManifest.xml:41:13-45
	android:name
		ADDED from src/main/AndroidManifest.xml:40:13-69
activity#com.windylee.activity.AboutUsActivity
ADDED from src/main/AndroidManifest.xml:42:9-44:47
	android:label
		ADDED from src/main/AndroidManifest.xml:44:13-45
	android:name
		ADDED from src/main/AndroidManifest.xml:43:13-65
activity#com.windylee.activity.SelectMessageActivity
ADDED from src/main/AndroidManifest.xml:45:9-47:47
	android:label
		ADDED from src/main/AndroidManifest.xml:47:13-45
	android:name
		ADDED from src/main/AndroidManifest.xml:46:13-71
activity#com.windylee.activity.AddWishActivity
ADDED from src/main/AndroidManifest.xml:48:9-50:47
	android:label
		ADDED from src/main/AndroidManifest.xml:50:13-45
	android:name
		ADDED from src/main/AndroidManifest.xml:49:13-65
activity#com.windylee.activity.BookDetailActivity
ADDED from src/main/AndroidManifest.xml:51:9-54:54
	android:label
		ADDED from src/main/AndroidManifest.xml:53:13-45
	android:windowSoftInputMode
		ADDED from src/main/AndroidManifest.xml:54:13-52
	android:name
		ADDED from src/main/AndroidManifest.xml:52:13-68
activity#com.windylee.activity.SearchActivity
ADDED from src/main/AndroidManifest.xml:55:9-57:47
	android:label
		ADDED from src/main/AndroidManifest.xml:57:13-45
	android:name
		ADDED from src/main/AndroidManifest.xml:56:13-64
activity#com.windylee.activity.WishDetailActivity
ADDED from src/main/AndroidManifest.xml:58:9-60:47
	android:label
		ADDED from src/main/AndroidManifest.xml:60:13-45
	android:name
		ADDED from src/main/AndroidManifest.xml:59:13-68
activity#com.windylee.activity.MainActivity
ADDED from src/main/AndroidManifest.xml:61:9-66:54
	android:screenOrientation
		ADDED from src/main/AndroidManifest.xml:64:13-49
	android:label
		ADDED from src/main/AndroidManifest.xml:63:13-45
	android:windowSoftInputMode
		ADDED from src/main/AndroidManifest.xml:66:13-52
	android:theme
		ADDED from src/main/AndroidManifest.xml:65:13-41
	android:name
		ADDED from src/main/AndroidManifest.xml:62:13-62
activity#com.windylee.activity.WelcomeActivity
ADDED from src/main/AndroidManifest.xml:67:9-78:20
	android:screenOrientation
		ADDED from src/main/AndroidManifest.xml:70:13-49
	android:label
		ADDED from src/main/AndroidManifest.xml:69:13-45
	android:windowSoftInputMode
		ADDED from src/main/AndroidManifest.xml:72:13-52
	android:theme
		ADDED from src/main/AndroidManifest.xml:71:13-41
	android:name
		ADDED from src/main/AndroidManifest.xml:68:13-65
intent-filter#android.intent.action.MAIN+android.intent.category.LAUNCHER
ADDED from src/main/AndroidManifest.xml:73:13-77:29
action#android.intent.action.MAIN
ADDED from src/main/AndroidManifest.xml:74:17-69
	android:name
		ADDED from src/main/AndroidManifest.xml:74:25-66
category#android.intent.category.LAUNCHER
ADDED from src/main/AndroidManifest.xml:76:17-77
	android:name
		ADDED from src/main/AndroidManifest.xml:76:27-74
activity#com.windylee.activity.EditPersonCenter
ADDED from src/main/AndroidManifest.xml:79:9-74
	android:name
		ADDED from src/main/AndroidManifest.xml:79:19-72
activity#com.windylee.activity.MessageDetail
ADDED from src/main/AndroidManifest.xml:80:9-82:47
	android:label
		ADDED from src/main/AndroidManifest.xml:82:13-45
	android:name
		ADDED from src/main/AndroidManifest.xml:81:13-63
activity#com.windylee.activity.ResetPassword
ADDED from src/main/AndroidManifest.xml:83:9-85:47
	android:label
		ADDED from src/main/AndroidManifest.xml:85:13-45
	android:name
		ADDED from src/main/AndroidManifest.xml:84:13-63
activity#com.windylee.activity.DescriptionDetail
ADDED from src/main/AndroidManifest.xml:86:9-88:47
	android:label
		ADDED from src/main/AndroidManifest.xml:88:13-45
	android:name
		ADDED from src/main/AndroidManifest.xml:87:13-67
activity#com.windylee.activity.WebViewActivity
ADDED from src/main/AndroidManifest.xml:89:9-91:47
	android:label
		ADDED from src/main/AndroidManifest.xml:91:13-45
	android:name
		ADDED from src/main/AndroidManifest.xml:90:13-65
activity#com.windylee.activity.LoadingActivity
ADDED from src/main/AndroidManifest.xml:92:9-94:47
	android:label
		ADDED from src/main/AndroidManifest.xml:94:13-45
	android:name
		ADDED from src/main/AndroidManifest.xml:93:13-65
activity#com.windylee.activity.SuggestActivity
ADDED from src/main/AndroidManifest.xml:95:9-73
	android:name
		ADDED from src/main/AndroidManifest.xml:95:19-71
activity#com.windylee.activity.BigPicActivity
ADDED from src/main/AndroidManifest.xml:96:9-72
	android:name
		ADDED from src/main/AndroidManifest.xml:96:19-70
activity#com.windylee.activity.CaptureActivity
ADDED from src/main/AndroidManifest.xml:97:9-74
	android:name
		ADDED from src/main/AndroidManifest.xml:97:19-71
activity#com.windylee.activity.BookMarketActivity
ADDED from src/main/AndroidManifest.xml:98:9-77
	android:name
		ADDED from src/main/AndroidManifest.xml:98:19-74
activity#com.windylee.activity.OtherPersonActivity
ADDED from src/main/AndroidManifest.xml:99:9-78
	android:name
		ADDED from src/main/AndroidManifest.xml:99:19-75
activity#com.windylee.activity.BookListActivity
ADDED from src/main/AndroidManifest.xml:100:9-75
	android:name
		ADDED from src/main/AndroidManifest.xml:100:19-72
meta-data#BUG_HD_SDK_GENERAL_KEY
ADDED from src/main/AndroidManifest.xml:102:9-104:64
	android:value
		ADDED from src/main/AndroidManifest.xml:104:13-61
	android:name
		ADDED from src/main/AndroidManifest.xml:103:13-50
uses-sdk
INJECTED from src/main/AndroidManifest.xml reason: use-sdk injection requested
MERGED from [com.android.support:appcompat-v7:23.2.1] AndroidManifest.xml:21:5-23:78
MERGED from [com.android.support:support-v4:23.2.1] AndroidManifest.xml:20:5-43
MERGED from [com.android.support:animated-vector-drawable:23.2.1] AndroidManifest.xml:5:5-44
MERGED from [com.android.support:support-vector-drawable:23.2.1] AndroidManifest.xml:5:5-43
MERGED from [com.android.support:support-v4:23.2.1] AndroidManifest.xml:20:5-43
MERGED from [com.android.support:support-vector-drawable:23.2.1] AndroidManifest.xml:5:5-43
MERGED from [com.android.support:support-v4:23.2.1] AndroidManifest.xml:20:5-43
MERGED from [com.android.support:support-v4:23.2.1] AndroidManifest.xml:20:5-43
MERGED from [io.reactivex:rxandroid:1.0.0] AndroidManifest.xml:19:5-43
MERGED from [com.orhanobut:logger:1.11] AndroidManifest.xml:8:5-10:41
	tools:overrideLibrary
		ADDED from [com.android.support:appcompat-v7:23.2.1] AndroidManifest.xml:23:9-75
	android:targetSdkVersion
		INJECTED from src/main/AndroidManifest.xml
		INJECTED from src/main/AndroidManifest.xml
	android:minSdkVersion
		INJECTED from src/main/AndroidManifest.xml
		INJECTED from src/main/AndroidManifest.xml